  speechManager.cpp
D:\MyCode\STL演讲\STL演讲\speechManager.h(1,9): warning C4068: 未知的杂注“ocne”
D:\MyCode\STL演讲\STL演讲\speechManager.cpp(63,20): warning C4018: “<”: 有符号/无符号不匹配
D:\MyCode\STL演讲\STL演讲\speechManager.cpp(369,21): warning C4018: “<”: 有符号/无符号不匹配
D:\Program Files\Microsoft Visual Studio\VC\Tools\MSVC\14.28.29333\include\numeric(35,26): warning C4244: “=”: 从“double”转换到“_Ty”，可能丢失数据
          with
          [
              _Ty=float
          ]
D:\Program Files\Microsoft Visual Studio\VC\Tools\MSVC\14.28.29333\include\numeric(44): message : 查看对正在编译的函数 模板 实例化“_Ty std::accumulate<_InIt,_Ty,std::plus<void>>(const _InIt,const _InIt,_Ty,_Fn)”的引用
          with
          [
              _Ty=float,
              _InIt=std::_Deque_iterator<std::_Deque_val<std::_Deque_simple_types<double>>>,
              _Fn=std::plus<void>
          ]
D:\MyCode\STL演讲\STL演讲\speechManager.cpp(198): message : 查看对正在编译的函数 模板 实例化“_Ty std::accumulate<std::_Deque_iterator<std::_Deque_val<std::_Deque_simple_types<double>>>,float>(const _InIt,const _InIt,_Ty)”的引用
          with
          [
              _Ty=float,
              _InIt=std::_Deque_iterator<std::_Deque_val<std::_Deque_simple_types<double>>>
          ]
  演讲比赛.cpp
D:\MyCode\STL演讲\STL演讲\speechManager.h(1,9): warning C4068: 未知的杂注“ocne”
  正在生成代码...
  STL演讲.vcxproj -> D:\MyCode\STL演讲\Debug\STL演讲.exe
